<?xml version="1.0" encoding="UTF-8"?>
<!-- Generated by org.testng.reporters.JUnitXMLReporter -->
<testsuite hostname="BLRL79035" name="Test" tests="4" failures="1" timestamp="1 Feb 2020 15:34:26 GMT" time="24.86" errors="0">
  <testcase name="mavenBasic" time="0.005" classname="MavenTutorial.MavenTutorial.Test1"/>
  <testcase name="testDocker" time="5.661" classname="MavenTutorial.MavenTutorial.Test2"/>
  <testcase name="testDocker" time="6.267" classname="MavenTutorial.MavenTutorial.Test3">
    <failure type="junit.framework.AssertionFailedError">
      <![CDATA[junit.framework.AssertionFailedError
	at junit.framework.Assert.fail(Assert.java:48)
	at junit.framework.Assert.assertTrue(Assert.java:20)
	at junit.framework.Assert.assertFalse(Assert.java:34)
	at junit.framework.Assert.assertFalse(Assert.java:41)
	at MavenTutorial.MavenTutorial.Test3.testDocker(Test3.java:25)
... Removed 24 stack frames]]>
    </failure>
  </testcase> <!-- testDocker -->
  <testcase name="testDocker" time="12.914" classname="MavenTutorial.MavenTutorial.Test4"/>
</testsuite> <!-- Test -->
