<?xml version="1.0" encoding="UTF-8"?>
<!-- Generated by org.testng.reporters.JUnitXMLReporter -->
<testsuite hostname="BLRL79035" name="Test" tests="4" failures="0" timestamp="28 Jan 2020 16:19:39 GMT" time="59.243" errors="0">
  <testcase name="mavenBasic" time="0.009" classname="MavenTutorial.MavenTutorial.Test1"/>
  <testcase name="testDocker" time="29.187" classname="MavenTutorial.MavenTutorial.Test2"/>
  <testcase name="testDocker" time="47.263" classname="MavenTutorial.MavenTutorial.Test3"/>
  <testcase name="testDocker" time="59.228" classname="MavenTutorial.MavenTutorial.Test4"/>
</testsuite> <!-- Test -->
