<?xml version="1.0" encoding="UTF-8"?>
<!-- Generated by org.testng.reporters.JUnitXMLReporter -->
<testsuite hostname="BLRL79035" name="Command line test" tests="4" failures="1" timestamp="1 Feb 2020 15:54:56 GMT" time="23.328" errors="0">
  <testcase name="mavenBasic" time="0.023" classname="MavenTutorial.MavenTutorial.Test1"/>
  <testcase name="testDocker" time="5.783" classname="MavenTutorial.MavenTutorial.Test2"/>
  <testcase name="testDocker" time="6.318" classname="MavenTutorial.MavenTutorial.Test3">
    <failure type="junit.framework.AssertionFailedError">
      <![CDATA[junit.framework.AssertionFailedError
	at junit.framework.Assert.fail(Assert.java:48)
	at junit.framework.Assert.assertTrue(Assert.java:20)
	at junit.framework.Assert.assertFalse(Assert.java:34)
	at junit.framework.Assert.assertFalse(Assert.java:41)
	at MavenTutorial.MavenTutorial.Test3.testDocker(Test3.java:27)
... Removed 34 stack frames]]>
    </failure>
  </testcase> <!-- testDocker -->
  <testcase name="testDocker" time="11.189" classname="MavenTutorial.MavenTutorial.Test4"/>
</testsuite> <!-- Command line test -->
