<?xml version="1.0" encoding="UTF-8"?>
<!-- Generated by org.testng.reporters.JUnitXMLReporter -->
<testsuite hostname="BLRL79035" name="Test" tests="4" failures="0" timestamp="28 Jan 2020 16:38:35 GMT" time="33.143" errors="0">
  <testcase name="mavenBasic" time="0.029" classname="MavenTutorial.MavenTutorial.Test1"/>
  <testcase name="testDocker" time="13.432" classname="MavenTutorial.MavenTutorial.Test2"/>
  <testcase name="testDocker" time="17.137" classname="MavenTutorial.MavenTutorial.Test3"/>
  <testcase name="testDocker" time="19.696" classname="MavenTutorial.MavenTutorial.Test4"/>
</testsuite> <!-- Test -->
