<?xml version="1.0" encoding="UTF-8"?>
<testng-results skipped="0" failed="0" total="4" passed="4">
  <reporter-output>
  </reporter-output>
  <suite name="Command line suite" duration-ms="25399" started-at="2020-02-01T12:09:35Z" finished-at="2020-02-01T12:10:01Z">
    <groups>
    </groups>
    <test name="Command line test" duration-ms="25399" started-at="2020-02-01T12:09:35Z" finished-at="2020-02-01T12:10:01Z">
      <class name="MavenTutorial.MavenTutorial.Test4">
        <test-method status="PASS" signature="testDocker()[pri:0, instance:MavenTutorial.MavenTutorial.Test4@79b4d0f]" name="testDocker" duration-ms="12826" started-at="2020-02-01T17:39:48Z" description="This test is used for docker run" finished-at="2020-02-01T17:40:01Z">
          <reporter-output>
          </reporter-output>
        </test-method> <!-- testDocker -->
      </class> <!-- MavenTutorial.MavenTutorial.Test4 -->
      <class name="MavenTutorial.MavenTutorial.Test1">
        <test-method status="PASS" signature="mavenBasic()[pri:0, instance:MavenTutorial.MavenTutorial.Test1@edf4efb]" name="mavenBasic" duration-ms="5" started-at="2020-02-01T17:39:35Z" description="Mavn profile and parameters" finished-at="2020-02-01T17:39:35Z">
          <reporter-output>
          </reporter-output>
        </test-method> <!-- mavenBasic -->
      </class> <!-- MavenTutorial.MavenTutorial.Test1 -->
      <class name="MavenTutorial.MavenTutorial.Test3">
        <test-method status="PASS" signature="testDocker()[pri:0, instance:MavenTutorial.MavenTutorial.Test3@3fb6a447]" name="testDocker" duration-ms="6438" started-at="2020-02-01T17:39:42Z" description="This test is used for docker run" finished-at="2020-02-01T17:39:48Z">
          <reporter-output>
          </reporter-output>
        </test-method> <!-- testDocker -->
      </class> <!-- MavenTutorial.MavenTutorial.Test3 -->
      <class name="MavenTutorial.MavenTutorial.Test2">
        <test-method status="PASS" signature="testDocker()[pri:0, instance:MavenTutorial.MavenTutorial.Test2@6b2fad11]" name="testDocker" duration-ms="6115" started-at="2020-02-01T17:39:35Z" description="This test is used for docker run" finished-at="2020-02-01T17:39:42Z">
          <reporter-output>
          </reporter-output>
        </test-method> <!-- testDocker -->
      </class> <!-- MavenTutorial.MavenTutorial.Test2 -->
    </test> <!-- Command line test -->
  </suite> <!-- Command line suite -->
</testng-results>
