<?xml version="1.0" encoding="UTF-8" ?>
<testsuite tests="4" failures="0" name="TestSuite" time="36.862" errors="0" skipped="0">
  <properties>
[...]
</properties>
  <testcase classname="MavenTutorial.MavenTutorial.Test1" name="mavenBasic" time="0.03"/>
  <testcase classname="MavenTutorial.MavenTutorial.Test2" name="testDocker" time="13.401"/>
  <testcase classname="MavenTutorial.MavenTutorial.Test3" name="testDocker" time="3.735"/>
  <testcase classname="MavenTutorial.MavenTutorial.Test4" name="testDocker" time="19.696"/>
</testsuite>