<?xml version="1.0" encoding="UTF-8"?>
<testng-results skipped="0" failed="0" total="4" passed="4">
  <reporter-output>
  </reporter-output>
  <suite name="Command line suite" duration-ms="31295" started-at="2020-02-01T10:00:30Z" finished-at="2020-02-01T10:01:02Z">
    <groups>
    </groups>
    <test name="Command line test" duration-ms="31295" started-at="2020-02-01T10:00:30Z" finished-at="2020-02-01T10:01:02Z">
      <class name="MavenTutorial.MavenTutorial.Test4">
        <test-method status="PASS" signature="testDocker()[pri:0, instance:MavenTutorial.MavenTutorial.Test4@79b4d0f]" name="testDocker" duration-ms="13985" started-at="2020-02-01T15:30:48Z" description="This test is used for docker run" finished-at="2020-02-01T15:31:02Z">
          <reporter-output>
          </reporter-output>
        </test-method> <!-- testDocker -->
      </class> <!-- MavenTutorial.MavenTutorial.Test4 -->
      <class name="MavenTutorial.MavenTutorial.Test1">
        <test-method status="PASS" signature="mavenBasic()[pri:0, instance:MavenTutorial.MavenTutorial.Test1@edf4efb]" name="mavenBasic" duration-ms="4" started-at="2020-02-01T15:30:30Z" description="Mavn profile and parameters" finished-at="2020-02-01T15:30:30Z">
          <reporter-output>
          </reporter-output>
        </test-method> <!-- mavenBasic -->
      </class> <!-- MavenTutorial.MavenTutorial.Test1 -->
      <class name="MavenTutorial.MavenTutorial.Test3">
        <test-method status="PASS" signature="testDocker()[pri:0, instance:MavenTutorial.MavenTutorial.Test3@3fb6a447]" name="testDocker" duration-ms="8531" started-at="2020-02-01T15:30:39Z" description="This test is used for docker run" finished-at="2020-02-01T15:30:48Z">
          <reporter-output>
          </reporter-output>
        </test-method> <!-- testDocker -->
      </class> <!-- MavenTutorial.MavenTutorial.Test3 -->
      <class name="MavenTutorial.MavenTutorial.Test2">
        <test-method status="PASS" signature="testDocker()[pri:0, instance:MavenTutorial.MavenTutorial.Test2@6b2fad11]" name="testDocker" duration-ms="8762" started-at="2020-02-01T15:30:30Z" description="This test is used for docker run" finished-at="2020-02-01T15:30:39Z">
          <reporter-output>
          </reporter-output>
        </test-method> <!-- testDocker -->
      </class> <!-- MavenTutorial.MavenTutorial.Test2 -->
    </test> <!-- Command line test -->
  </suite> <!-- Command line suite -->
</testng-results>
